Run Directory: runs\novelty_baseline_20260118_190759
Configuration: Pop=50, Mut=0.3, Gens=200000

RUNNING EVOLUTION
     Gen   Pop  Arch     GAC     EPC NovScore   Mem(MB)   Gen/s
--------------------------------------------------------------------------------
    1000    50    21     1.9   0.000   0.0708     188.6     5.9
    2000    48    28     2.4   0.000   0.0748     376.2     5.8
    3000    48    35     2.9   0.000   0.0814     556.3     5.2
    4000    50    44     2.8   0.000   0.0619     751.5     4.8
    5000    50    51     1.9   0.000   0.0440     931.4     4.8
    6000    50    62     2.4   0.000   0.0524    1110.6     4.8
    7000    48    68     2.1   0.000   0.0391    1305.9     4.6
    8000    48    77     2.5   0.000   0.0471    1499.9     4.4
    9000    49    84     2.2   0.000   0.0343    1679.2     4.3
  [CHECKPOINT] Generation 10000
   10000    48    89     2.8   0.000   0.0416    1859.1     4.2
   11000    50    96     2.8   0.000   0.0227    2038.6     4.2
   12000    49   107     2.4   0.000   0.0310    2217.9     4.0
   13000    48   121     2.8   0.000   0.0325    2429.5     4.0
   14000    49   129     2.7   0.000   0.0243    2608.1     3.7
   15000    45   146     3.2   0.000   0.0240    2816.1     3.6
   16000    49   158     3.0   0.000   0.0185    2994.7     3.5
   17000    50   166     2.7   0.000   0.0246    3173.4     3.5
   18000    50   174     2.7   0.000   0.0192    3352.2     3.5
   19000    50   181     2.1   0.000   0.0176    3531.9     2.6
  [CHECKPOINT] Generation 20000
   20000    47   193     2.3   0.000   0.0217    3711.9     2.5
   21000    50   201     2.7   0.000   0.0152    3892.0     2.5
   22000    50   209     2.5   0.000   0.0251    4071.5     2.5
   23000    50   226     3.2   0.000   0.0100    4250.8     2.5
   24000    48   235     2.5   0.000   0.0220    4430.4     2.5
   25000    45   242     3.2   0.000   0.0198    4609.5     2.5
   26000    48   251     2.6   0.000   0.0083    4852.7     2.4
   27000    49   257     3.0   0.000   0.0253    5031.6     2.4
   28000    50   267     2.5   0.000   0.0114    5210.7     2.4
   29000    50   272     1.9   0.000   0.0182    5448.2     2.4
  [CHECKPOINT] Generation 30000
   30000    49   283     2.7   0.000   0.0186    5627.1     2.4
   31000    50   296     2.9   0.000   0.0117    5805.7     2.4
   32000    49   304     2.9   0.000   0.0149    5984.9     2.4
   33000    49   314     2.1   0.000   0.0059    6163.6     2.5
   34000    50   325     2.6   0.000   0.0102    6342.2     2.5
   35000    50   334     3.0   0.000   0.0146    6520.5     2.5
   36000    50   345     2.7   0.000   0.0140    6699.0     2.5
   37000    48   360     2.7   0.000   0.0074    6877.5     2.5
